C:\USERS\CLOVIS\CG\X64\DEBUG\BOUNDINGBOX.OBJ
C:\USERS\CLOVIS\CG\X64\DEBUG\BVH.OBJ
C:\USERS\CLOVIS\CG\X64\DEBUG\CAMERA.OBJ
C:\USERS\CLOVIS\CG\X64\DEBUG\COLOR.OBJ
C:\USERS\CLOVIS\CG\X64\DEBUG\GLIMAGE.OBJ
C:\USERS\CLOVIS\CG\X64\DEBUG\GLRENDERER.OBJ
C:\USERS\CLOVIS\CG\X64\DEBUG\MAIN.OBJ
C:\USERS\CLOVIS\CG\X64\DEBUG\MATERIAL.OBJ
C:\USERS\CLOVIS\CG\X64\DEBUG\MESHSWEEPER.OBJ
C:\USERS\CLOVIS\CG\X64\DEBUG\PUGIXML.OBJ
C:\USERS\CLOVIS\CG\X64\DEBUG\RAYTRACER.OBJ
C:\USERS\CLOVIS\CG\X64\DEBUG\RENDERER.OBJ
C:\USERS\CLOVIS\CG\X64\DEBUG\SCENE.OBJ
C:\USERS\CLOVIS\CG\X64\DEBUG\SWEEPER.OBJ
C:\USERS\CLOVIS\CG\X64\DEBUG\TRIANGLEMESH.OBJ
C:\USERS\CLOVIS\CG\X64\DEBUG\TRIANGLEMESHSHAPE.OBJ
C:\USERS\CLOVIS\CG\X64\DEBUG\VIEWPORT.OBJ
C:\USERS\CLOVIS\CG\X64\DEBUG\VC100.PDB
C:\USERS\ELITON\DROPBOX\ELITON\UNIVERSIDADE\COMPUTAçãO GRáFICA\TBCLOVIS\CG\X64\DEBUG\BOUNDINGBOX.OBJ
C:\USERS\ELITON\DROPBOX\ELITON\UNIVERSIDADE\COMPUTAçãO GRáFICA\TBCLOVIS\CG\X64\DEBUG\BVH.OBJ
C:\USERS\ELITON\DROPBOX\ELITON\UNIVERSIDADE\COMPUTAçãO GRáFICA\TBCLOVIS\CG\X64\DEBUG\CAMERA.OBJ
C:\USERS\ELITON\DROPBOX\ELITON\UNIVERSIDADE\COMPUTAçãO GRáFICA\TBCLOVIS\CG\X64\DEBUG\COLOR.OBJ
C:\USERS\ELITON\DROPBOX\ELITON\UNIVERSIDADE\COMPUTAçãO GRáFICA\TBCLOVIS\CG\X64\DEBUG\GLIMAGE.OBJ
C:\USERS\ELITON\DROPBOX\ELITON\UNIVERSIDADE\COMPUTAçãO GRáFICA\TBCLOVIS\CG\X64\DEBUG\GLRENDERER.OBJ
C:\USERS\ELITON\DROPBOX\ELITON\UNIVERSIDADE\COMPUTAçãO GRáFICA\TBCLOVIS\CG\X64\DEBUG\MAIN.OBJ
C:\USERS\ELITON\DROPBOX\ELITON\UNIVERSIDADE\COMPUTAçãO GRáFICA\TBCLOVIS\CG\X64\DEBUG\MATERIAL.OBJ
C:\USERS\ELITON\DROPBOX\ELITON\UNIVERSIDADE\COMPUTAçãO GRáFICA\TBCLOVIS\CG\X64\DEBUG\MESHSWEEPER.OBJ
C:\USERS\ELITON\DROPBOX\ELITON\UNIVERSIDADE\COMPUTAçãO GRáFICA\TBCLOVIS\CG\X64\DEBUG\PUGIXML.OBJ
C:\USERS\ELITON\DROPBOX\ELITON\UNIVERSIDADE\COMPUTAçãO GRáFICA\TBCLOVIS\CG\X64\DEBUG\RAYTRACER.OBJ
C:\USERS\ELITON\DROPBOX\ELITON\UNIVERSIDADE\COMPUTAçãO GRáFICA\TBCLOVIS\CG\X64\DEBUG\RENDERER.OBJ
C:\USERS\ELITON\DROPBOX\ELITON\UNIVERSIDADE\COMPUTAçãO GRáFICA\TBCLOVIS\CG\X64\DEBUG\SCENE.OBJ
C:\USERS\ELITON\DROPBOX\ELITON\UNIVERSIDADE\COMPUTAçãO GRáFICA\TBCLOVIS\CG\X64\DEBUG\SWEEPER.OBJ
C:\USERS\ELITON\DROPBOX\ELITON\UNIVERSIDADE\COMPUTAçãO GRáFICA\TBCLOVIS\CG\X64\DEBUG\TRIANGLEMESH.OBJ
C:\USERS\ELITON\DROPBOX\ELITON\UNIVERSIDADE\COMPUTAçãO GRáFICA\TBCLOVIS\CG\X64\DEBUG\TRIANGLEMESHSHAPE.OBJ
C:\USERS\ELITON\DROPBOX\ELITON\UNIVERSIDADE\COMPUTAçãO GRáFICA\TBCLOVIS\CG\X64\DEBUG\VIEWPORT.OBJ
C:\USERS\ELITON\DROPBOX\ELITON\UNIVERSIDADE\COMPUTAÇÃO GRÁFICA\TBCLOVIS\CG\X64\DEBUG\VC110.PDB
C:\USERS\CLOVIS\CG\X64\DEBUG\RT.EXE
C:\USERS\CLOVIS\CG\X64\DEBUG\RT.EXE.INTERMEDIATE.MANIFEST
C:\USERS\CLOVIS\CG\X64\DEBUG\RT.PDB
C:\Users\Eliton\Dropbox\Eliton\Universidade\Computação Gráfica\TBClovis\cg\x64\Debug\BoundingBox.obj
C:\Users\Eliton\Dropbox\Eliton\Universidade\Computação Gráfica\TBClovis\cg\x64\Debug\BVH.obj
C:\Users\Eliton\Dropbox\Eliton\Universidade\Computação Gráfica\TBClovis\cg\x64\Debug\Camera.obj
C:\Users\Eliton\Dropbox\Eliton\Universidade\Computação Gráfica\TBClovis\cg\x64\Debug\Color.obj
C:\Users\Eliton\Dropbox\Eliton\Universidade\Computação Gráfica\TBClovis\cg\x64\Debug\GLImage.obj
C:\Users\Eliton\Dropbox\Eliton\Universidade\Computação Gráfica\TBClovis\cg\x64\Debug\GLRenderer.obj
C:\Users\Eliton\Dropbox\Eliton\Universidade\Computação Gráfica\TBClovis\cg\x64\Debug\Main.obj
C:\Users\Eliton\Dropbox\Eliton\Universidade\Computação Gráfica\TBClovis\cg\x64\Debug\Material.obj
C:\Users\Eliton\Dropbox\Eliton\Universidade\Computação Gráfica\TBClovis\cg\x64\Debug\MeshSweeper.obj
C:\Users\Eliton\Dropbox\Eliton\Universidade\Computação Gráfica\TBClovis\cg\x64\Debug\pugixml.obj
C:\Users\Eliton\Dropbox\Eliton\Universidade\Computação Gráfica\TBClovis\cg\x64\Debug\RayTracer.obj
C:\Users\Eliton\Dropbox\Eliton\Universidade\Computação Gráfica\TBClovis\cg\x64\Debug\Renderer.obj
C:\Users\Eliton\Dropbox\Eliton\Universidade\Computação Gráfica\TBClovis\cg\x64\Debug\Scene.obj
C:\Users\Eliton\Dropbox\Eliton\Universidade\Computação Gráfica\TBClovis\cg\x64\Debug\Sweeper.obj
C:\Users\Eliton\Dropbox\Eliton\Universidade\Computação Gráfica\TBClovis\cg\x64\Debug\TriangleMesh.obj
C:\Users\Eliton\Dropbox\Eliton\Universidade\Computação Gráfica\TBClovis\cg\x64\Debug\TriangleMeshShape.obj
C:\Users\Eliton\Dropbox\Eliton\Universidade\Computação Gráfica\TBClovis\cg\x64\Debug\Viewport.obj
C:\Users\Eliton\Dropbox\Eliton\Universidade\Computação Gráfica\TBClovis\cg\x64\Debug\cl.command.1.tlog
C:\Users\Eliton\Dropbox\Eliton\Universidade\Computação Gráfica\TBClovis\cg\x64\Debug\CL.read.1.tlog
C:\Users\Eliton\Dropbox\Eliton\Universidade\Computação Gráfica\TBClovis\cg\x64\Debug\CL.write.1.tlog
C:\Users\Eliton\Dropbox\Eliton\Universidade\Computação Gráfica\TBClovis\cg\x64\Debug\link-cvtres.read.1.tlog
C:\Users\Eliton\Dropbox\Eliton\Universidade\Computação Gráfica\TBClovis\cg\x64\Debug\link-cvtres.write.1.tlog
C:\Users\Eliton\Dropbox\Eliton\Universidade\Computação Gráfica\TBClovis\cg\x64\Debug\link-rc.read.1.tlog
C:\Users\Eliton\Dropbox\Eliton\Universidade\Computação Gráfica\TBClovis\cg\x64\Debug\link-rc.write.1.tlog
C:\Users\Eliton\Dropbox\Eliton\Universidade\Computação Gráfica\TBClovis\cg\x64\Debug\link.command.1.tlog
C:\Users\Eliton\Dropbox\Eliton\Universidade\Computação Gráfica\TBClovis\cg\x64\Debug\link.read.1.tlog
C:\Users\Eliton\Dropbox\Eliton\Universidade\Computação Gráfica\TBClovis\cg\x64\Debug\link.write.1.tlog
C:\Users\Eliton\Dropbox\Eliton\Universidade\Computação Gráfica\TBClovis\cg\x64\Debug\mt.command.1.tlog
C:\Users\Eliton\Dropbox\Eliton\Universidade\Computação Gráfica\TBClovis\cg\x64\Debug\mt.read.1.tlog
C:\Users\Eliton\Dropbox\Eliton\Universidade\Computação Gráfica\TBClovis\cg\x64\Debug\mt.write.1.tlog
C:\Users\Eliton\Dropbox\Eliton\Universidade\Computação Gráfica\TBClovis\cg\x64\Debug\rt.exe.intermediate.manifest
C:\Users\Eliton\Dropbox\Eliton\Universidade\Computação Gráfica\TBClovis\cg\x64\Debug\vc100.idb
C:\Users\Eliton\Dropbox\Eliton\Universidade\Computação Gráfica\TBClovis\cg\x64\Debug\vc110.idb
C:\Users\Eliton\Dropbox\Eliton\Universidade\Computação Gráfica\TBClovis\cg\x64\Debug\rt.pdb
C:\Users\Eliton\Dropbox\Eliton\Universidade\Computação Gráfica\TBClovis\cg\x64\Debug\vc100.pdb
C:\Users\Eliton\Dropbox\Eliton\Universidade\Computação Gráfica\TBClovis\cg\x64\Debug\vc110.pdb
